[ 2019-05-14 19:36:41,882][cascade_classifier.fit_transform] X_groups_train.shape=[(185, 1, 542)],y_train.shape=(185,),X_groups_test.shape=no_test,y_test.shape=no_test
[ 2019-05-14 19:36:41,882][cascade_classifier.fit_transform] group_dims=[542]
[ 2019-05-14 19:36:41,883][cascade_classifier.fit_transform] group_starts=[0]
[ 2019-05-14 19:36:41,883][cascade_classifier.fit_transform] group_ends=[542]
[ 2019-05-14 19:36:41,883][cascade_classifier.fit_transform] X_train.shape=(185, 542),X_test.shape=(0, 542)
[ 2019-05-14 19:36:41,883][cascade_classifier.fit_transform] [layer=0] look_indexs=[0], X_cur_train.shape=(185, 542), X_cur_test.shape=(0, 542)
[ 2019-05-14 19:36:41,884][cascade_classifier._init_estimators] =====est_name============layer_0 - estimator_0 - 3_folds
[ 2019-05-14 19:36:42,278][kfold_wrapper.log_eval_metrics] Accuracy(layer_0 - estimator_0 - 3_folds.train_0.predict)=80.95%
[ 2019-05-14 19:36:42,669][kfold_wrapper.log_eval_metrics] Accuracy(layer_0 - estimator_0 - 3_folds.train_1.predict)=88.52%
[ 2019-05-14 19:36:43,063][kfold_wrapper.log_eval_metrics] Accuracy(layer_0 - estimator_0 - 3_folds.train_2.predict)=93.44%
[ 2019-05-14 19:36:43,063][kfold_wrapper.log_eval_metrics] Accuracy(layer_0 - estimator_0 - 3_folds.train_cv.predict)=87.57%
[ 2019-05-14 19:36:43,070][cascade_classifier._init_estimators] =====est_name============layer_0 - estimator_1 - 3_folds
[ 2019-05-14 19:36:43,461][kfold_wrapper.log_eval_metrics] Accuracy(layer_0 - estimator_1 - 3_folds.train_0.predict)=87.30%
[ 2019-05-14 19:36:43,854][kfold_wrapper.log_eval_metrics] Accuracy(layer_0 - estimator_1 - 3_folds.train_1.predict)=80.33%
[ 2019-05-14 19:36:44,245][kfold_wrapper.log_eval_metrics] Accuracy(layer_0 - estimator_1 - 3_folds.train_2.predict)=93.44%
[ 2019-05-14 19:36:44,246][kfold_wrapper.log_eval_metrics] Accuracy(layer_0 - estimator_1 - 3_folds.train_cv.predict)=87.03%
[ 2019-05-14 19:36:44,252][cascade_classifier._init_estimators] =====est_name============layer_0 - estimator_2 - 3_folds
[ 2019-05-14 19:36:44,638][kfold_wrapper.log_eval_metrics] Accuracy(layer_0 - estimator_2 - 3_folds.train_0.predict)=79.37%
[ 2019-05-14 19:36:45,027][kfold_wrapper.log_eval_metrics] Accuracy(layer_0 - estimator_2 - 3_folds.train_1.predict)=83.61%
[ 2019-05-14 19:36:45,414][kfold_wrapper.log_eval_metrics] Accuracy(layer_0 - estimator_2 - 3_folds.train_2.predict)=85.25%
[ 2019-05-14 19:36:45,414][kfold_wrapper.log_eval_metrics] Accuracy(layer_0 - estimator_2 - 3_folds.train_cv.predict)=82.70%
[ 2019-05-14 19:36:45,421][cascade_classifier._init_estimators] =====est_name============layer_0 - estimator_3 - 3_folds
[ 2019-05-14 19:36:45,807][kfold_wrapper.log_eval_metrics] Accuracy(layer_0 - estimator_3 - 3_folds.train_0.predict)=73.02%
[ 2019-05-14 19:36:46,195][kfold_wrapper.log_eval_metrics] Accuracy(layer_0 - estimator_3 - 3_folds.train_1.predict)=90.16%
[ 2019-05-14 19:36:46,584][kfold_wrapper.log_eval_metrics] Accuracy(layer_0 - estimator_3 - 3_folds.train_2.predict)=88.52%
[ 2019-05-14 19:36:46,584][kfold_wrapper.log_eval_metrics] Accuracy(layer_0 - estimator_3 - 3_folds.train_cv.predict)=83.78%
[ 2019-05-14 19:36:46,590][cascade_classifier._init_estimators] =====est_name============layer_0 - estimator_4 - 3_folds
[ 2019-05-14 19:36:46,982][kfold_wrapper.log_eval_metrics] Accuracy(layer_0 - estimator_4 - 3_folds.train_0.predict)=87.30%
[ 2019-05-14 19:36:47,374][kfold_wrapper.log_eval_metrics] Accuracy(layer_0 - estimator_4 - 3_folds.train_1.predict)=90.16%
[ 2019-05-14 19:36:47,766][kfold_wrapper.log_eval_metrics] Accuracy(layer_0 - estimator_4 - 3_folds.train_2.predict)=90.16%
[ 2019-05-14 19:36:47,766][kfold_wrapper.log_eval_metrics] Accuracy(layer_0 - estimator_4 - 3_folds.train_cv.predict)=89.19%
[ 2019-05-14 19:36:47,773][cascade_classifier._init_estimators] =====est_name============layer_0 - estimator_5 - 3_folds
[ 2019-05-14 19:36:48,163][kfold_wrapper.log_eval_metrics] Accuracy(layer_0 - estimator_5 - 3_folds.train_0.predict)=85.71%
[ 2019-05-14 19:36:48,555][kfold_wrapper.log_eval_metrics] Accuracy(layer_0 - estimator_5 - 3_folds.train_1.predict)=85.25%
[ 2019-05-14 19:36:48,947][kfold_wrapper.log_eval_metrics] Accuracy(layer_0 - estimator_5 - 3_folds.train_2.predict)=91.80%
[ 2019-05-14 19:36:48,947][kfold_wrapper.log_eval_metrics] Accuracy(layer_0 - estimator_5 - 3_folds.train_cv.predict)=87.57%
[ 2019-05-14 19:36:48,953][cascade_classifier._init_estimators] =====est_name============layer_0 - estimator_6 - 3_folds
[ 2019-05-14 19:36:49,343][kfold_wrapper.log_eval_metrics] Accuracy(layer_0 - estimator_6 - 3_folds.train_0.predict)=77.78%
[ 2019-05-14 19:36:49,731][kfold_wrapper.log_eval_metrics] Accuracy(layer_0 - estimator_6 - 3_folds.train_1.predict)=91.80%
[ 2019-05-14 19:36:50,120][kfold_wrapper.log_eval_metrics] Accuracy(layer_0 - estimator_6 - 3_folds.train_2.predict)=80.33%
[ 2019-05-14 19:36:50,120][kfold_wrapper.log_eval_metrics] Accuracy(layer_0 - estimator_6 - 3_folds.train_cv.predict)=83.24%
[ 2019-05-14 19:36:50,126][cascade_classifier._init_estimators] =====est_name============layer_0 - estimator_7 - 3_folds
[ 2019-05-14 19:36:50,514][kfold_wrapper.log_eval_metrics] Accuracy(layer_0 - estimator_7 - 3_folds.train_0.predict)=76.19%
[ 2019-05-14 19:36:50,906][kfold_wrapper.log_eval_metrics] Accuracy(layer_0 - estimator_7 - 3_folds.train_1.predict)=80.33%
[ 2019-05-14 19:36:51,294][kfold_wrapper.log_eval_metrics] Accuracy(layer_0 - estimator_7 - 3_folds.train_2.predict)=86.89%
[ 2019-05-14 19:36:51,294][kfold_wrapper.log_eval_metrics] Accuracy(layer_0 - estimator_7 - 3_folds.train_cv.predict)=81.08%
[ 2019-05-14 19:36:51,300][cascade_classifier.calc_accuracy] Accuracy(layer_0 - train.classifier_average)=88.11%
[ 2019-05-14 19:36:51,301][cascade_classifier.fit_transform] [layer=1] look_indexs=[0], X_cur_train.shape=(185, 558), X_cur_test.shape=(0, 558)
[ 2019-05-14 19:36:51,302][cascade_classifier._init_estimators] =====est_name============layer_1 - estimator_0 - 3_folds
[ 2019-05-14 19:36:51,691][kfold_wrapper.log_eval_metrics] Accuracy(layer_1 - estimator_0 - 3_folds.train_0.predict)=92.06%
[ 2019-05-14 19:36:52,081][kfold_wrapper.log_eval_metrics] Accuracy(layer_1 - estimator_0 - 3_folds.train_1.predict)=90.16%
[ 2019-05-14 19:36:52,472][kfold_wrapper.log_eval_metrics] Accuracy(layer_1 - estimator_0 - 3_folds.train_2.predict)=83.61%
[ 2019-05-14 19:36:52,472][kfold_wrapper.log_eval_metrics] Accuracy(layer_1 - estimator_0 - 3_folds.train_cv.predict)=88.65%
[ 2019-05-14 19:36:52,479][cascade_classifier._init_estimators] =====est_name============layer_1 - estimator_1 - 3_folds
[ 2019-05-14 19:36:52,868][kfold_wrapper.log_eval_metrics] Accuracy(layer_1 - estimator_1 - 3_folds.train_0.predict)=84.13%
[ 2019-05-14 19:36:53,260][kfold_wrapper.log_eval_metrics] Accuracy(layer_1 - estimator_1 - 3_folds.train_1.predict)=88.52%
[ 2019-05-14 19:36:53,652][kfold_wrapper.log_eval_metrics] Accuracy(layer_1 - estimator_1 - 3_folds.train_2.predict)=91.80%
[ 2019-05-14 19:36:53,652][kfold_wrapper.log_eval_metrics] Accuracy(layer_1 - estimator_1 - 3_folds.train_cv.predict)=88.11%
[ 2019-05-14 19:36:53,659][cascade_classifier._init_estimators] =====est_name============layer_1 - estimator_2 - 3_folds
[ 2019-05-14 19:36:54,045][kfold_wrapper.log_eval_metrics] Accuracy(layer_1 - estimator_2 - 3_folds.train_0.predict)=87.30%
[ 2019-05-14 19:36:54,433][kfold_wrapper.log_eval_metrics] Accuracy(layer_1 - estimator_2 - 3_folds.train_1.predict)=93.44%
[ 2019-05-14 19:36:54,821][kfold_wrapper.log_eval_metrics] Accuracy(layer_1 - estimator_2 - 3_folds.train_2.predict)=85.25%
[ 2019-05-14 19:36:54,822][kfold_wrapper.log_eval_metrics] Accuracy(layer_1 - estimator_2 - 3_folds.train_cv.predict)=88.65%
[ 2019-05-14 19:36:54,828][cascade_classifier._init_estimators] =====est_name============layer_1 - estimator_3 - 3_folds
[ 2019-05-14 19:36:55,215][kfold_wrapper.log_eval_metrics] Accuracy(layer_1 - estimator_3 - 3_folds.train_0.predict)=85.71%
[ 2019-05-14 19:36:55,602][kfold_wrapper.log_eval_metrics] Accuracy(layer_1 - estimator_3 - 3_folds.train_1.predict)=85.25%
[ 2019-05-14 19:36:55,990][kfold_wrapper.log_eval_metrics] Accuracy(layer_1 - estimator_3 - 3_folds.train_2.predict)=88.52%
[ 2019-05-14 19:36:55,990][kfold_wrapper.log_eval_metrics] Accuracy(layer_1 - estimator_3 - 3_folds.train_cv.predict)=86.49%
[ 2019-05-14 19:36:55,997][cascade_classifier._init_estimators] =====est_name============layer_1 - estimator_4 - 3_folds
[ 2019-05-14 19:36:56,387][kfold_wrapper.log_eval_metrics] Accuracy(layer_1 - estimator_4 - 3_folds.train_0.predict)=87.30%
[ 2019-05-14 19:36:56,778][kfold_wrapper.log_eval_metrics] Accuracy(layer_1 - estimator_4 - 3_folds.train_1.predict)=95.08%
[ 2019-05-14 19:36:57,172][kfold_wrapper.log_eval_metrics] Accuracy(layer_1 - estimator_4 - 3_folds.train_2.predict)=83.61%
[ 2019-05-14 19:36:57,172][kfold_wrapper.log_eval_metrics] Accuracy(layer_1 - estimator_4 - 3_folds.train_cv.predict)=88.65%
[ 2019-05-14 19:36:57,179][cascade_classifier._init_estimators] =====est_name============layer_1 - estimator_5 - 3_folds
[ 2019-05-14 19:36:57,569][kfold_wrapper.log_eval_metrics] Accuracy(layer_1 - estimator_5 - 3_folds.train_0.predict)=87.30%
[ 2019-05-14 19:36:57,961][kfold_wrapper.log_eval_metrics] Accuracy(layer_1 - estimator_5 - 3_folds.train_1.predict)=95.08%
[ 2019-05-14 19:36:58,352][kfold_wrapper.log_eval_metrics] Accuracy(layer_1 - estimator_5 - 3_folds.train_2.predict)=81.97%
[ 2019-05-14 19:36:58,352][kfold_wrapper.log_eval_metrics] Accuracy(layer_1 - estimator_5 - 3_folds.train_cv.predict)=88.11%
[ 2019-05-14 19:36:58,358][cascade_classifier._init_estimators] =====est_name============layer_1 - estimator_6 - 3_folds
[ 2019-05-14 19:36:58,747][kfold_wrapper.log_eval_metrics] Accuracy(layer_1 - estimator_6 - 3_folds.train_0.predict)=87.30%
[ 2019-05-14 19:36:59,135][kfold_wrapper.log_eval_metrics] Accuracy(layer_1 - estimator_6 - 3_folds.train_1.predict)=88.52%
[ 2019-05-14 19:36:59,524][kfold_wrapper.log_eval_metrics] Accuracy(layer_1 - estimator_6 - 3_folds.train_2.predict)=81.97%
[ 2019-05-14 19:36:59,524][kfold_wrapper.log_eval_metrics] Accuracy(layer_1 - estimator_6 - 3_folds.train_cv.predict)=85.95%
[ 2019-05-14 19:36:59,531][cascade_classifier._init_estimators] =====est_name============layer_1 - estimator_7 - 3_folds
[ 2019-05-14 19:36:59,920][kfold_wrapper.log_eval_metrics] Accuracy(layer_1 - estimator_7 - 3_folds.train_0.predict)=88.89%
[ 2019-05-14 19:37:00,309][kfold_wrapper.log_eval_metrics] Accuracy(layer_1 - estimator_7 - 3_folds.train_1.predict)=86.89%
[ 2019-05-14 19:37:00,698][kfold_wrapper.log_eval_metrics] Accuracy(layer_1 - estimator_7 - 3_folds.train_2.predict)=83.61%
[ 2019-05-14 19:37:00,698][kfold_wrapper.log_eval_metrics] Accuracy(layer_1 - estimator_7 - 3_folds.train_cv.predict)=86.49%
[ 2019-05-14 19:37:00,705][cascade_classifier.calc_accuracy] Accuracy(layer_1 - train.classifier_average)=89.19%
[ 2019-05-14 19:37:00,705][cascade_classifier.fit_transform] [layer=2] look_indexs=[0], X_cur_train.shape=(185, 558), X_cur_test.shape=(0, 558)
[ 2019-05-14 19:37:00,706][cascade_classifier._init_estimators] =====est_name============layer_2 - estimator_0 - 3_folds
[ 2019-05-14 19:37:01,098][kfold_wrapper.log_eval_metrics] Accuracy(layer_2 - estimator_0 - 3_folds.train_0.predict)=90.48%
[ 2019-05-14 19:37:01,490][kfold_wrapper.log_eval_metrics] Accuracy(layer_2 - estimator_0 - 3_folds.train_1.predict)=93.44%
[ 2019-05-14 19:37:01,882][kfold_wrapper.log_eval_metrics] Accuracy(layer_2 - estimator_0 - 3_folds.train_2.predict)=85.25%
[ 2019-05-14 19:37:01,883][kfold_wrapper.log_eval_metrics] Accuracy(layer_2 - estimator_0 - 3_folds.train_cv.predict)=89.73%
[ 2019-05-14 19:37:01,889][cascade_classifier._init_estimators] =====est_name============layer_2 - estimator_1 - 3_folds
[ 2019-05-14 19:37:02,279][kfold_wrapper.log_eval_metrics] Accuracy(layer_2 - estimator_1 - 3_folds.train_0.predict)=88.89%
[ 2019-05-14 19:37:02,670][kfold_wrapper.log_eval_metrics] Accuracy(layer_2 - estimator_1 - 3_folds.train_1.predict)=88.52%
[ 2019-05-14 19:37:03,061][kfold_wrapper.log_eval_metrics] Accuracy(layer_2 - estimator_1 - 3_folds.train_2.predict)=88.52%
[ 2019-05-14 19:37:03,061][kfold_wrapper.log_eval_metrics] Accuracy(layer_2 - estimator_1 - 3_folds.train_cv.predict)=88.65%
[ 2019-05-14 19:37:03,067][cascade_classifier._init_estimators] =====est_name============layer_2 - estimator_2 - 3_folds
[ 2019-05-14 19:37:03,455][kfold_wrapper.log_eval_metrics] Accuracy(layer_2 - estimator_2 - 3_folds.train_0.predict)=77.78%
[ 2019-05-14 19:37:03,843][kfold_wrapper.log_eval_metrics] Accuracy(layer_2 - estimator_2 - 3_folds.train_1.predict)=86.89%
[ 2019-05-14 19:37:04,229][kfold_wrapper.log_eval_metrics] Accuracy(layer_2 - estimator_2 - 3_folds.train_2.predict)=93.44%
[ 2019-05-14 19:37:04,229][kfold_wrapper.log_eval_metrics] Accuracy(layer_2 - estimator_2 - 3_folds.train_cv.predict)=85.95%
[ 2019-05-14 19:37:04,236][cascade_classifier._init_estimators] =====est_name============layer_2 - estimator_3 - 3_folds
[ 2019-05-14 19:37:04,627][kfold_wrapper.log_eval_metrics] Accuracy(layer_2 - estimator_3 - 3_folds.train_0.predict)=82.54%
[ 2019-05-14 19:37:05,015][kfold_wrapper.log_eval_metrics] Accuracy(layer_2 - estimator_3 - 3_folds.train_1.predict)=86.89%
[ 2019-05-14 19:37:05,409][kfold_wrapper.log_eval_metrics] Accuracy(layer_2 - estimator_3 - 3_folds.train_2.predict)=90.16%
[ 2019-05-14 19:37:05,409][kfold_wrapper.log_eval_metrics] Accuracy(layer_2 - estimator_3 - 3_folds.train_cv.predict)=86.49%
[ 2019-05-14 19:37:05,415][cascade_classifier._init_estimators] =====est_name============layer_2 - estimator_4 - 3_folds
[ 2019-05-14 19:37:05,807][kfold_wrapper.log_eval_metrics] Accuracy(layer_2 - estimator_4 - 3_folds.train_0.predict)=90.48%
[ 2019-05-14 19:37:06,200][kfold_wrapper.log_eval_metrics] Accuracy(layer_2 - estimator_4 - 3_folds.train_1.predict)=86.89%
[ 2019-05-14 19:37:06,591][kfold_wrapper.log_eval_metrics] Accuracy(layer_2 - estimator_4 - 3_folds.train_2.predict)=85.25%
[ 2019-05-14 19:37:06,591][kfold_wrapper.log_eval_metrics] Accuracy(layer_2 - estimator_4 - 3_folds.train_cv.predict)=87.57%
[ 2019-05-14 19:37:06,598][cascade_classifier._init_estimators] =====est_name============layer_2 - estimator_5 - 3_folds
[ 2019-05-14 19:37:06,987][kfold_wrapper.log_eval_metrics] Accuracy(layer_2 - estimator_5 - 3_folds.train_0.predict)=82.54%
[ 2019-05-14 19:37:07,379][kfold_wrapper.log_eval_metrics] Accuracy(layer_2 - estimator_5 - 3_folds.train_1.predict)=90.16%
[ 2019-05-14 19:37:07,770][kfold_wrapper.log_eval_metrics] Accuracy(layer_2 - estimator_5 - 3_folds.train_2.predict)=88.52%
[ 2019-05-14 19:37:07,771][kfold_wrapper.log_eval_metrics] Accuracy(layer_2 - estimator_5 - 3_folds.train_cv.predict)=87.03%
[ 2019-05-14 19:37:07,777][cascade_classifier._init_estimators] =====est_name============layer_2 - estimator_6 - 3_folds
[ 2019-05-14 19:37:08,164][kfold_wrapper.log_eval_metrics] Accuracy(layer_2 - estimator_6 - 3_folds.train_0.predict)=84.13%
[ 2019-05-14 19:37:08,553][kfold_wrapper.log_eval_metrics] Accuracy(layer_2 - estimator_6 - 3_folds.train_1.predict)=88.52%
[ 2019-05-14 19:37:08,941][kfold_wrapper.log_eval_metrics] Accuracy(layer_2 - estimator_6 - 3_folds.train_2.predict)=83.61%
[ 2019-05-14 19:37:08,941][kfold_wrapper.log_eval_metrics] Accuracy(layer_2 - estimator_6 - 3_folds.train_cv.predict)=85.41%
[ 2019-05-14 19:37:08,948][cascade_classifier._init_estimators] =====est_name============layer_2 - estimator_7 - 3_folds
[ 2019-05-14 19:37:09,336][kfold_wrapper.log_eval_metrics] Accuracy(layer_2 - estimator_7 - 3_folds.train_0.predict)=85.71%
[ 2019-05-14 19:37:09,726][kfold_wrapper.log_eval_metrics] Accuracy(layer_2 - estimator_7 - 3_folds.train_1.predict)=88.52%
[ 2019-05-14 19:37:10,113][kfold_wrapper.log_eval_metrics] Accuracy(layer_2 - estimator_7 - 3_folds.train_2.predict)=83.61%
[ 2019-05-14 19:37:10,113][kfold_wrapper.log_eval_metrics] Accuracy(layer_2 - estimator_7 - 3_folds.train_cv.predict)=85.95%
[ 2019-05-14 19:37:10,120][cascade_classifier.calc_accuracy] Accuracy(layer_2 - train.classifier_average)=88.11%
[ 2019-05-14 19:37:10,120][cascade_classifier.fit_transform] [Result][Optimal Level Detected] opt_layer_num=2, accuracy_train=89.19%, accuracy_test=0.00%
[ 2019-05-14 19:37:10,127][cascade_classifier.transform] X_groups_test.shape=[(47, 1, 542)]
[ 2019-05-14 19:37:10,127][cascade_classifier.transform] group_dims=[542]
[ 2019-05-14 19:37:10,128][cascade_classifier.transform] X_test.shape=(47, 542)
[ 2019-05-14 19:37:10,128][cascade_classifier.transform] [layer=0] look_indexs=[0], X_cur_test.shape=(47, 542)
[ 2019-05-14 19:37:12,595][cascade_classifier.transform] [layer=1] look_indexs=[0], X_cur_test.shape=(47, 558)
