[ 2019-05-14 20:14:09,599][cascade_classifier.fit_transform] X_groups_train.shape=[(185, 1, 542)],y_train.shape=(185,),X_groups_test.shape=no_test,y_test.shape=no_test
[ 2019-05-14 20:14:09,599][cascade_classifier.fit_transform] group_dims=[542]
[ 2019-05-14 20:14:09,599][cascade_classifier.fit_transform] group_starts=[0]
[ 2019-05-14 20:14:09,599][cascade_classifier.fit_transform] group_ends=[542]
[ 2019-05-14 20:14:09,599][cascade_classifier.fit_transform] X_train.shape=(185, 542),X_test.shape=(0, 542)
[ 2019-05-14 20:14:09,600][cascade_classifier.fit_transform] [layer=0] look_indexs=[0], X_cur_train.shape=(185, 542), X_cur_test.shape=(0, 542)
[ 2019-05-14 20:14:09,600][cascade_classifier._init_estimators] =====est_name============layer_0 - estimator_0 - 3_folds
[ 2019-05-14 20:14:09,935][kfold_wrapper.log_eval_metrics] Accuracy(layer_0 - estimator_0 - 3_folds.train_0.predict)=90.48%
[ 2019-05-14 20:14:10,276][kfold_wrapper.log_eval_metrics] Accuracy(layer_0 - estimator_0 - 3_folds.train_1.predict)=83.61%
[ 2019-05-14 20:14:10,616][kfold_wrapper.log_eval_metrics] Accuracy(layer_0 - estimator_0 - 3_folds.train_2.predict)=90.16%
[ 2019-05-14 20:14:10,616][kfold_wrapper.log_eval_metrics] Accuracy(layer_0 - estimator_0 - 3_folds.train_cv.predict)=88.11%
[ 2019-05-14 20:14:10,625][cascade_classifier._init_estimators] =====est_name============layer_0 - estimator_1 - 3_folds
[ 2019-05-14 20:14:10,963][kfold_wrapper.log_eval_metrics] Accuracy(layer_0 - estimator_1 - 3_folds.train_0.predict)=84.13%
[ 2019-05-14 20:14:11,298][kfold_wrapper.log_eval_metrics] Accuracy(layer_0 - estimator_1 - 3_folds.train_1.predict)=80.33%
[ 2019-05-14 20:14:11,640][kfold_wrapper.log_eval_metrics] Accuracy(layer_0 - estimator_1 - 3_folds.train_2.predict)=93.44%
[ 2019-05-14 20:14:11,641][kfold_wrapper.log_eval_metrics] Accuracy(layer_0 - estimator_1 - 3_folds.train_cv.predict)=85.95%
[ 2019-05-14 20:14:11,648][cascade_classifier._init_estimators] =====est_name============layer_0 - estimator_2 - 3_folds
[ 2019-05-14 20:14:11,990][kfold_wrapper.log_eval_metrics] Accuracy(layer_0 - estimator_2 - 3_folds.train_0.predict)=85.71%
[ 2019-05-14 20:14:12,329][kfold_wrapper.log_eval_metrics] Accuracy(layer_0 - estimator_2 - 3_folds.train_1.predict)=81.97%
[ 2019-05-14 20:14:12,671][kfold_wrapper.log_eval_metrics] Accuracy(layer_0 - estimator_2 - 3_folds.train_2.predict)=73.77%
[ 2019-05-14 20:14:12,671][kfold_wrapper.log_eval_metrics] Accuracy(layer_0 - estimator_2 - 3_folds.train_cv.predict)=80.54%
[ 2019-05-14 20:14:12,676][cascade_classifier._init_estimators] =====est_name============layer_0 - estimator_3 - 3_folds
[ 2019-05-14 20:14:13,010][kfold_wrapper.log_eval_metrics] Accuracy(layer_0 - estimator_3 - 3_folds.train_0.predict)=84.13%
[ 2019-05-14 20:14:13,350][kfold_wrapper.log_eval_metrics] Accuracy(layer_0 - estimator_3 - 3_folds.train_1.predict)=78.69%
[ 2019-05-14 20:14:13,693][kfold_wrapper.log_eval_metrics] Accuracy(layer_0 - estimator_3 - 3_folds.train_2.predict)=80.33%
[ 2019-05-14 20:14:13,693][kfold_wrapper.log_eval_metrics] Accuracy(layer_0 - estimator_3 - 3_folds.train_cv.predict)=81.08%
[ 2019-05-14 20:14:13,700][cascade_classifier._init_estimators] =====est_name============layer_0 - estimator_4 - 3_folds
[ 2019-05-14 20:14:14,035][kfold_wrapper.log_eval_metrics] Accuracy(layer_0 - estimator_4 - 3_folds.train_0.predict)=87.30%
[ 2019-05-14 20:14:14,372][kfold_wrapper.log_eval_metrics] Accuracy(layer_0 - estimator_4 - 3_folds.train_1.predict)=91.80%
[ 2019-05-14 20:14:14,711][kfold_wrapper.log_eval_metrics] Accuracy(layer_0 - estimator_4 - 3_folds.train_2.predict)=85.25%
[ 2019-05-14 20:14:14,711][kfold_wrapper.log_eval_metrics] Accuracy(layer_0 - estimator_4 - 3_folds.train_cv.predict)=88.11%
[ 2019-05-14 20:14:14,715][cascade_classifier._init_estimators] =====est_name============layer_0 - estimator_5 - 3_folds
[ 2019-05-14 20:14:15,054][kfold_wrapper.log_eval_metrics] Accuracy(layer_0 - estimator_5 - 3_folds.train_0.predict)=84.13%
[ 2019-05-14 20:14:15,388][kfold_wrapper.log_eval_metrics] Accuracy(layer_0 - estimator_5 - 3_folds.train_1.predict)=93.44%
[ 2019-05-14 20:14:15,734][kfold_wrapper.log_eval_metrics] Accuracy(layer_0 - estimator_5 - 3_folds.train_2.predict)=85.25%
[ 2019-05-14 20:14:15,735][kfold_wrapper.log_eval_metrics] Accuracy(layer_0 - estimator_5 - 3_folds.train_cv.predict)=87.57%
[ 2019-05-14 20:14:15,742][cascade_classifier._init_estimators] =====est_name============layer_0 - estimator_6 - 3_folds
[ 2019-05-14 20:14:16,074][kfold_wrapper.log_eval_metrics] Accuracy(layer_0 - estimator_6 - 3_folds.train_0.predict)=73.02%
[ 2019-05-14 20:14:16,413][kfold_wrapper.log_eval_metrics] Accuracy(layer_0 - estimator_6 - 3_folds.train_1.predict)=91.80%
[ 2019-05-14 20:14:16,755][kfold_wrapper.log_eval_metrics] Accuracy(layer_0 - estimator_6 - 3_folds.train_2.predict)=80.33%
[ 2019-05-14 20:14:16,756][kfold_wrapper.log_eval_metrics] Accuracy(layer_0 - estimator_6 - 3_folds.train_cv.predict)=81.62%
[ 2019-05-14 20:14:16,764][cascade_classifier._init_estimators] =====est_name============layer_0 - estimator_7 - 3_folds
[ 2019-05-14 20:14:17,095][kfold_wrapper.log_eval_metrics] Accuracy(layer_0 - estimator_7 - 3_folds.train_0.predict)=79.37%
[ 2019-05-14 20:14:17,439][kfold_wrapper.log_eval_metrics] Accuracy(layer_0 - estimator_7 - 3_folds.train_1.predict)=83.61%
[ 2019-05-14 20:14:17,783][kfold_wrapper.log_eval_metrics] Accuracy(layer_0 - estimator_7 - 3_folds.train_2.predict)=86.89%
[ 2019-05-14 20:14:17,784][kfold_wrapper.log_eval_metrics] Accuracy(layer_0 - estimator_7 - 3_folds.train_cv.predict)=83.24%
[ 2019-05-14 20:14:17,790][cascade_classifier.calc_accuracy] Accuracy(layer_0 - train.classifier_average)=88.65%
[ 2019-05-14 20:14:17,790][cascade_classifier.fit_transform] [layer=1] look_indexs=[0], X_cur_train.shape=(185, 558), X_cur_test.shape=(0, 558)
[ 2019-05-14 20:14:17,791][cascade_classifier._init_estimators] =====est_name============layer_1 - estimator_0 - 3_folds
[ 2019-05-14 20:14:18,124][kfold_wrapper.log_eval_metrics] Accuracy(layer_1 - estimator_0 - 3_folds.train_0.predict)=90.48%
[ 2019-05-14 20:14:18,459][kfold_wrapper.log_eval_metrics] Accuracy(layer_1 - estimator_0 - 3_folds.train_1.predict)=83.61%
[ 2019-05-14 20:14:18,799][kfold_wrapper.log_eval_metrics] Accuracy(layer_1 - estimator_0 - 3_folds.train_2.predict)=90.16%
[ 2019-05-14 20:14:18,799][kfold_wrapper.log_eval_metrics] Accuracy(layer_1 - estimator_0 - 3_folds.train_cv.predict)=88.11%
[ 2019-05-14 20:14:18,806][cascade_classifier._init_estimators] =====est_name============layer_1 - estimator_1 - 3_folds
[ 2019-05-14 20:14:19,142][kfold_wrapper.log_eval_metrics] Accuracy(layer_1 - estimator_1 - 3_folds.train_0.predict)=93.65%
[ 2019-05-14 20:14:19,484][kfold_wrapper.log_eval_metrics] Accuracy(layer_1 - estimator_1 - 3_folds.train_1.predict)=85.25%
[ 2019-05-14 20:14:19,828][kfold_wrapper.log_eval_metrics] Accuracy(layer_1 - estimator_1 - 3_folds.train_2.predict)=81.97%
[ 2019-05-14 20:14:19,829][kfold_wrapper.log_eval_metrics] Accuracy(layer_1 - estimator_1 - 3_folds.train_cv.predict)=87.03%
[ 2019-05-14 20:14:19,835][cascade_classifier._init_estimators] =====est_name============layer_1 - estimator_2 - 3_folds
[ 2019-05-14 20:14:20,168][kfold_wrapper.log_eval_metrics] Accuracy(layer_1 - estimator_2 - 3_folds.train_0.predict)=84.13%
[ 2019-05-14 20:14:20,506][kfold_wrapper.log_eval_metrics] Accuracy(layer_1 - estimator_2 - 3_folds.train_1.predict)=81.97%
[ 2019-05-14 20:14:20,849][kfold_wrapper.log_eval_metrics] Accuracy(layer_1 - estimator_2 - 3_folds.train_2.predict)=91.80%
[ 2019-05-14 20:14:20,850][kfold_wrapper.log_eval_metrics] Accuracy(layer_1 - estimator_2 - 3_folds.train_cv.predict)=85.95%
[ 2019-05-14 20:14:20,857][cascade_classifier._init_estimators] =====est_name============layer_1 - estimator_3 - 3_folds
[ 2019-05-14 20:14:21,187][kfold_wrapper.log_eval_metrics] Accuracy(layer_1 - estimator_3 - 3_folds.train_0.predict)=90.48%
[ 2019-05-14 20:14:21,519][kfold_wrapper.log_eval_metrics] Accuracy(layer_1 - estimator_3 - 3_folds.train_1.predict)=83.61%
[ 2019-05-14 20:14:21,856][kfold_wrapper.log_eval_metrics] Accuracy(layer_1 - estimator_3 - 3_folds.train_2.predict)=91.80%
[ 2019-05-14 20:14:21,857][kfold_wrapper.log_eval_metrics] Accuracy(layer_1 - estimator_3 - 3_folds.train_cv.predict)=88.65%
[ 2019-05-14 20:14:21,863][cascade_classifier._init_estimators] =====est_name============layer_1 - estimator_4 - 3_folds
[ 2019-05-14 20:14:22,200][kfold_wrapper.log_eval_metrics] Accuracy(layer_1 - estimator_4 - 3_folds.train_0.predict)=85.71%
[ 2019-05-14 20:14:22,543][kfold_wrapper.log_eval_metrics] Accuracy(layer_1 - estimator_4 - 3_folds.train_1.predict)=88.52%
[ 2019-05-14 20:14:22,932][kfold_wrapper.log_eval_metrics] Accuracy(layer_1 - estimator_4 - 3_folds.train_2.predict)=91.80%
[ 2019-05-14 20:14:22,932][kfold_wrapper.log_eval_metrics] Accuracy(layer_1 - estimator_4 - 3_folds.train_cv.predict)=88.65%
[ 2019-05-14 20:14:22,934][cascade_classifier._init_estimators] =====est_name============layer_1 - estimator_5 - 3_folds
[ 2019-05-14 20:14:23,266][kfold_wrapper.log_eval_metrics] Accuracy(layer_1 - estimator_5 - 3_folds.train_0.predict)=84.13%
[ 2019-05-14 20:14:23,600][kfold_wrapper.log_eval_metrics] Accuracy(layer_1 - estimator_5 - 3_folds.train_1.predict)=91.80%
[ 2019-05-14 20:14:23,931][kfold_wrapper.log_eval_metrics] Accuracy(layer_1 - estimator_5 - 3_folds.train_2.predict)=91.80%
[ 2019-05-14 20:14:23,932][kfold_wrapper.log_eval_metrics] Accuracy(layer_1 - estimator_5 - 3_folds.train_cv.predict)=89.19%
[ 2019-05-14 20:14:23,934][cascade_classifier._init_estimators] =====est_name============layer_1 - estimator_6 - 3_folds
[ 2019-05-14 20:14:24,268][kfold_wrapper.log_eval_metrics] Accuracy(layer_1 - estimator_6 - 3_folds.train_0.predict)=87.30%
[ 2019-05-14 20:14:24,603][kfold_wrapper.log_eval_metrics] Accuracy(layer_1 - estimator_6 - 3_folds.train_1.predict)=80.33%
[ 2019-05-14 20:14:24,931][kfold_wrapper.log_eval_metrics] Accuracy(layer_1 - estimator_6 - 3_folds.train_2.predict)=90.16%
[ 2019-05-14 20:14:24,931][kfold_wrapper.log_eval_metrics] Accuracy(layer_1 - estimator_6 - 3_folds.train_cv.predict)=85.95%
[ 2019-05-14 20:14:24,933][cascade_classifier._init_estimators] =====est_name============layer_1 - estimator_7 - 3_folds
[ 2019-05-14 20:14:25,261][kfold_wrapper.log_eval_metrics] Accuracy(layer_1 - estimator_7 - 3_folds.train_0.predict)=77.78%
[ 2019-05-14 20:14:25,590][kfold_wrapper.log_eval_metrics] Accuracy(layer_1 - estimator_7 - 3_folds.train_1.predict)=85.25%
[ 2019-05-14 20:14:25,918][kfold_wrapper.log_eval_metrics] Accuracy(layer_1 - estimator_7 - 3_folds.train_2.predict)=90.16%
[ 2019-05-14 20:14:25,918][kfold_wrapper.log_eval_metrics] Accuracy(layer_1 - estimator_7 - 3_folds.train_cv.predict)=84.32%
[ 2019-05-14 20:14:25,920][cascade_classifier.calc_accuracy] Accuracy(layer_1 - train.classifier_average)=89.73%
[ 2019-05-14 20:14:25,921][cascade_classifier.fit_transform] [layer=2] look_indexs=[0], X_cur_train.shape=(185, 558), X_cur_test.shape=(0, 558)
[ 2019-05-14 20:14:25,921][cascade_classifier._init_estimators] =====est_name============layer_2 - estimator_0 - 3_folds
[ 2019-05-14 20:14:26,250][kfold_wrapper.log_eval_metrics] Accuracy(layer_2 - estimator_0 - 3_folds.train_0.predict)=87.30%
[ 2019-05-14 20:14:26,579][kfold_wrapper.log_eval_metrics] Accuracy(layer_2 - estimator_0 - 3_folds.train_1.predict)=91.80%
[ 2019-05-14 20:14:26,911][kfold_wrapper.log_eval_metrics] Accuracy(layer_2 - estimator_0 - 3_folds.train_2.predict)=88.52%
[ 2019-05-14 20:14:26,911][kfold_wrapper.log_eval_metrics] Accuracy(layer_2 - estimator_0 - 3_folds.train_cv.predict)=89.19%
[ 2019-05-14 20:14:26,914][cascade_classifier._init_estimators] =====est_name============layer_2 - estimator_1 - 3_folds
[ 2019-05-14 20:14:27,242][kfold_wrapper.log_eval_metrics] Accuracy(layer_2 - estimator_1 - 3_folds.train_0.predict)=95.24%
[ 2019-05-14 20:14:27,571][kfold_wrapper.log_eval_metrics] Accuracy(layer_2 - estimator_1 - 3_folds.train_1.predict)=77.05%
[ 2019-05-14 20:14:27,901][kfold_wrapper.log_eval_metrics] Accuracy(layer_2 - estimator_1 - 3_folds.train_2.predict)=88.52%
[ 2019-05-14 20:14:27,901][kfold_wrapper.log_eval_metrics] Accuracy(layer_2 - estimator_1 - 3_folds.train_cv.predict)=87.03%
[ 2019-05-14 20:14:27,903][cascade_classifier._init_estimators] =====est_name============layer_2 - estimator_2 - 3_folds
[ 2019-05-14 20:14:28,230][kfold_wrapper.log_eval_metrics] Accuracy(layer_2 - estimator_2 - 3_folds.train_0.predict)=85.71%
[ 2019-05-14 20:14:28,558][kfold_wrapper.log_eval_metrics] Accuracy(layer_2 - estimator_2 - 3_folds.train_1.predict)=90.16%
[ 2019-05-14 20:14:28,886][kfold_wrapper.log_eval_metrics] Accuracy(layer_2 - estimator_2 - 3_folds.train_2.predict)=81.97%
[ 2019-05-14 20:14:28,886][kfold_wrapper.log_eval_metrics] Accuracy(layer_2 - estimator_2 - 3_folds.train_cv.predict)=85.95%
[ 2019-05-14 20:14:28,889][cascade_classifier._init_estimators] =====est_name============layer_2 - estimator_3 - 3_folds
[ 2019-05-14 20:14:29,217][kfold_wrapper.log_eval_metrics] Accuracy(layer_2 - estimator_3 - 3_folds.train_0.predict)=88.89%
[ 2019-05-14 20:14:29,544][kfold_wrapper.log_eval_metrics] Accuracy(layer_2 - estimator_3 - 3_folds.train_1.predict)=85.25%
[ 2019-05-14 20:14:29,873][kfold_wrapper.log_eval_metrics] Accuracy(layer_2 - estimator_3 - 3_folds.train_2.predict)=85.25%
[ 2019-05-14 20:14:29,873][kfold_wrapper.log_eval_metrics] Accuracy(layer_2 - estimator_3 - 3_folds.train_cv.predict)=86.49%
[ 2019-05-14 20:14:29,876][cascade_classifier._init_estimators] =====est_name============layer_2 - estimator_4 - 3_folds
[ 2019-05-14 20:14:30,204][kfold_wrapper.log_eval_metrics] Accuracy(layer_2 - estimator_4 - 3_folds.train_0.predict)=92.06%
[ 2019-05-14 20:14:30,532][kfold_wrapper.log_eval_metrics] Accuracy(layer_2 - estimator_4 - 3_folds.train_1.predict)=86.89%
[ 2019-05-14 20:14:30,862][kfold_wrapper.log_eval_metrics] Accuracy(layer_2 - estimator_4 - 3_folds.train_2.predict)=88.52%
[ 2019-05-14 20:14:30,862][kfold_wrapper.log_eval_metrics] Accuracy(layer_2 - estimator_4 - 3_folds.train_cv.predict)=89.19%
[ 2019-05-14 20:14:30,865][cascade_classifier._init_estimators] =====est_name============layer_2 - estimator_5 - 3_folds
[ 2019-05-14 20:14:31,193][kfold_wrapper.log_eval_metrics] Accuracy(layer_2 - estimator_5 - 3_folds.train_0.predict)=93.65%
[ 2019-05-14 20:14:31,521][kfold_wrapper.log_eval_metrics] Accuracy(layer_2 - estimator_5 - 3_folds.train_1.predict)=88.52%
[ 2019-05-14 20:14:31,852][kfold_wrapper.log_eval_metrics] Accuracy(layer_2 - estimator_5 - 3_folds.train_2.predict)=85.25%
[ 2019-05-14 20:14:31,852][kfold_wrapper.log_eval_metrics] Accuracy(layer_2 - estimator_5 - 3_folds.train_cv.predict)=89.19%
[ 2019-05-14 20:14:31,854][cascade_classifier._init_estimators] =====est_name============layer_2 - estimator_6 - 3_folds
[ 2019-05-14 20:14:32,182][kfold_wrapper.log_eval_metrics] Accuracy(layer_2 - estimator_6 - 3_folds.train_0.predict)=88.89%
[ 2019-05-14 20:14:32,510][kfold_wrapper.log_eval_metrics] Accuracy(layer_2 - estimator_6 - 3_folds.train_1.predict)=90.16%
[ 2019-05-14 20:14:32,844][kfold_wrapper.log_eval_metrics] Accuracy(layer_2 - estimator_6 - 3_folds.train_2.predict)=85.25%
[ 2019-05-14 20:14:32,844][kfold_wrapper.log_eval_metrics] Accuracy(layer_2 - estimator_6 - 3_folds.train_cv.predict)=88.11%
[ 2019-05-14 20:14:32,847][cascade_classifier._init_estimators] =====est_name============layer_2 - estimator_7 - 3_folds
[ 2019-05-14 20:14:33,174][kfold_wrapper.log_eval_metrics] Accuracy(layer_2 - estimator_7 - 3_folds.train_0.predict)=84.13%
[ 2019-05-14 20:14:33,502][kfold_wrapper.log_eval_metrics] Accuracy(layer_2 - estimator_7 - 3_folds.train_1.predict)=91.80%
[ 2019-05-14 20:14:33,829][kfold_wrapper.log_eval_metrics] Accuracy(layer_2 - estimator_7 - 3_folds.train_2.predict)=86.89%
[ 2019-05-14 20:14:33,829][kfold_wrapper.log_eval_metrics] Accuracy(layer_2 - estimator_7 - 3_folds.train_cv.predict)=87.57%
[ 2019-05-14 20:14:33,831][cascade_classifier.calc_accuracy] Accuracy(layer_2 - train.classifier_average)=89.19%
[ 2019-05-14 20:14:33,832][cascade_classifier.fit_transform] [Result][Optimal Level Detected] opt_layer_num=2, accuracy_train=89.73%, accuracy_test=0.00%
[ 2019-05-14 20:14:33,835][cascade_classifier.transform] X_groups_test.shape=[(47, 1, 542)]
[ 2019-05-14 20:14:33,836][cascade_classifier.transform] group_dims=[542]
[ 2019-05-14 20:14:33,836][cascade_classifier.transform] X_test.shape=(47, 542)
[ 2019-05-14 20:14:33,836][cascade_classifier.transform] [layer=0] look_indexs=[0], X_cur_test.shape=(47, 542)
[ 2019-05-14 20:14:36,280][cascade_classifier.transform] [layer=1] look_indexs=[0], X_cur_test.shape=(47, 558)
[ 2019-05-14 20:14:38,738][cascade_classifier.fit_transform] X_groups_train.shape=[(185, 1, 542)],y_train.shape=(185,),X_groups_test.shape=no_test,y_test.shape=no_test
[ 2019-05-14 20:14:38,738][cascade_classifier.fit_transform] group_dims=[542]
[ 2019-05-14 20:14:38,739][cascade_classifier.fit_transform] group_starts=[0]
[ 2019-05-14 20:14:38,739][cascade_classifier.fit_transform] group_ends=[542]
[ 2019-05-14 20:14:38,739][cascade_classifier.fit_transform] X_train.shape=(185, 542),X_test.shape=(0, 542)
[ 2019-05-14 20:14:38,739][cascade_classifier.fit_transform] [layer=0] look_indexs=[0], X_cur_train.shape=(185, 542), X_cur_test.shape=(0, 542)
[ 2019-05-14 20:14:38,739][cascade_classifier._init_estimators] =====est_name============layer_0 - estimator_0 - 3_folds
[ 2019-05-14 20:14:39,068][kfold_wrapper.log_eval_metrics] Accuracy(layer_0 - estimator_0 - 3_folds.train_0.predict)=84.13%
[ 2019-05-14 20:14:39,397][kfold_wrapper.log_eval_metrics] Accuracy(layer_0 - estimator_0 - 3_folds.train_1.predict)=85.25%
[ 2019-05-14 20:14:39,726][kfold_wrapper.log_eval_metrics] Accuracy(layer_0 - estimator_0 - 3_folds.train_2.predict)=90.16%
[ 2019-05-14 20:14:39,726][kfold_wrapper.log_eval_metrics] Accuracy(layer_0 - estimator_0 - 3_folds.train_cv.predict)=86.49%
[ 2019-05-14 20:14:39,728][cascade_classifier._init_estimators] =====est_name============layer_0 - estimator_1 - 3_folds
[ 2019-05-14 20:14:40,056][kfold_wrapper.log_eval_metrics] Accuracy(layer_0 - estimator_1 - 3_folds.train_0.predict)=80.95%
[ 2019-05-14 20:14:40,385][kfold_wrapper.log_eval_metrics] Accuracy(layer_0 - estimator_1 - 3_folds.train_1.predict)=95.08%
[ 2019-05-14 20:14:40,713][kfold_wrapper.log_eval_metrics] Accuracy(layer_0 - estimator_1 - 3_folds.train_2.predict)=93.44%
[ 2019-05-14 20:14:40,713][kfold_wrapper.log_eval_metrics] Accuracy(layer_0 - estimator_1 - 3_folds.train_cv.predict)=89.73%
[ 2019-05-14 20:14:40,716][cascade_classifier._init_estimators] =====est_name============layer_0 - estimator_2 - 3_folds
[ 2019-05-14 20:14:41,042][kfold_wrapper.log_eval_metrics] Accuracy(layer_0 - estimator_2 - 3_folds.train_0.predict)=82.54%
[ 2019-05-14 20:14:41,369][kfold_wrapper.log_eval_metrics] Accuracy(layer_0 - estimator_2 - 3_folds.train_1.predict)=86.89%
[ 2019-05-14 20:14:41,698][kfold_wrapper.log_eval_metrics] Accuracy(layer_0 - estimator_2 - 3_folds.train_2.predict)=80.33%
[ 2019-05-14 20:14:41,698][kfold_wrapper.log_eval_metrics] Accuracy(layer_0 - estimator_2 - 3_folds.train_cv.predict)=83.24%
[ 2019-05-14 20:14:41,701][cascade_classifier._init_estimators] =====est_name============layer_0 - estimator_3 - 3_folds
[ 2019-05-14 20:14:42,031][kfold_wrapper.log_eval_metrics] Accuracy(layer_0 - estimator_3 - 3_folds.train_0.predict)=85.71%
[ 2019-05-14 20:14:42,359][kfold_wrapper.log_eval_metrics] Accuracy(layer_0 - estimator_3 - 3_folds.train_1.predict)=80.33%
[ 2019-05-14 20:14:42,693][kfold_wrapper.log_eval_metrics] Accuracy(layer_0 - estimator_3 - 3_folds.train_2.predict)=86.89%
[ 2019-05-14 20:14:42,693][kfold_wrapper.log_eval_metrics] Accuracy(layer_0 - estimator_3 - 3_folds.train_cv.predict)=84.32%
[ 2019-05-14 20:14:42,696][cascade_classifier._init_estimators] =====est_name============layer_0 - estimator_4 - 3_folds
[ 2019-05-14 20:14:43,084][kfold_wrapper.log_eval_metrics] Accuracy(layer_0 - estimator_4 - 3_folds.train_0.predict)=85.71%
[ 2019-05-14 20:14:43,436][kfold_wrapper.log_eval_metrics] Accuracy(layer_0 - estimator_4 - 3_folds.train_1.predict)=91.80%
[ 2019-05-14 20:14:43,767][kfold_wrapper.log_eval_metrics] Accuracy(layer_0 - estimator_4 - 3_folds.train_2.predict)=85.25%
[ 2019-05-14 20:14:43,768][kfold_wrapper.log_eval_metrics] Accuracy(layer_0 - estimator_4 - 3_folds.train_cv.predict)=87.57%
[ 2019-05-14 20:14:43,771][cascade_classifier._init_estimators] =====est_name============layer_0 - estimator_5 - 3_folds
[ 2019-05-14 20:14:44,103][kfold_wrapper.log_eval_metrics] Accuracy(layer_0 - estimator_5 - 3_folds.train_0.predict)=88.89%
[ 2019-05-14 20:14:44,431][kfold_wrapper.log_eval_metrics] Accuracy(layer_0 - estimator_5 - 3_folds.train_1.predict)=91.80%
[ 2019-05-14 20:14:44,761][kfold_wrapper.log_eval_metrics] Accuracy(layer_0 - estimator_5 - 3_folds.train_2.predict)=85.25%
[ 2019-05-14 20:14:44,762][kfold_wrapper.log_eval_metrics] Accuracy(layer_0 - estimator_5 - 3_folds.train_cv.predict)=88.65%
[ 2019-05-14 20:14:44,764][cascade_classifier._init_estimators] =====est_name============layer_0 - estimator_6 - 3_folds
[ 2019-05-14 20:14:45,090][kfold_wrapper.log_eval_metrics] Accuracy(layer_0 - estimator_6 - 3_folds.train_0.predict)=90.48%
[ 2019-05-14 20:14:45,424][kfold_wrapper.log_eval_metrics] Accuracy(layer_0 - estimator_6 - 3_folds.train_1.predict)=83.61%
[ 2019-05-14 20:14:45,760][kfold_wrapper.log_eval_metrics] Accuracy(layer_0 - estimator_6 - 3_folds.train_2.predict)=77.05%
[ 2019-05-14 20:14:45,760][kfold_wrapper.log_eval_metrics] Accuracy(layer_0 - estimator_6 - 3_folds.train_cv.predict)=83.78%
[ 2019-05-14 20:14:45,763][cascade_classifier._init_estimators] =====est_name============layer_0 - estimator_7 - 3_folds
[ 2019-05-14 20:14:46,091][kfold_wrapper.log_eval_metrics] Accuracy(layer_0 - estimator_7 - 3_folds.train_0.predict)=87.30%
[ 2019-05-14 20:14:46,418][kfold_wrapper.log_eval_metrics] Accuracy(layer_0 - estimator_7 - 3_folds.train_1.predict)=81.97%
[ 2019-05-14 20:14:46,748][kfold_wrapper.log_eval_metrics] Accuracy(layer_0 - estimator_7 - 3_folds.train_2.predict)=80.33%
[ 2019-05-14 20:14:46,749][kfold_wrapper.log_eval_metrics] Accuracy(layer_0 - estimator_7 - 3_folds.train_cv.predict)=83.24%
[ 2019-05-14 20:14:46,751][cascade_classifier.calc_accuracy] Accuracy(layer_0 - train.classifier_average)=88.11%
[ 2019-05-14 20:14:46,751][cascade_classifier.fit_transform] [layer=1] look_indexs=[0], X_cur_train.shape=(185, 558), X_cur_test.shape=(0, 558)
[ 2019-05-14 20:14:46,752][cascade_classifier._init_estimators] =====est_name============layer_1 - estimator_0 - 3_folds
[ 2019-05-14 20:14:47,080][kfold_wrapper.log_eval_metrics] Accuracy(layer_1 - estimator_0 - 3_folds.train_0.predict)=90.48%
[ 2019-05-14 20:14:47,408][kfold_wrapper.log_eval_metrics] Accuracy(layer_1 - estimator_0 - 3_folds.train_1.predict)=83.61%
[ 2019-05-14 20:14:47,737][kfold_wrapper.log_eval_metrics] Accuracy(layer_1 - estimator_0 - 3_folds.train_2.predict)=88.52%
[ 2019-05-14 20:14:47,738][kfold_wrapper.log_eval_metrics] Accuracy(layer_1 - estimator_0 - 3_folds.train_cv.predict)=87.57%
[ 2019-05-14 20:14:47,740][cascade_classifier._init_estimators] =====est_name============layer_1 - estimator_1 - 3_folds
[ 2019-05-14 20:14:48,069][kfold_wrapper.log_eval_metrics] Accuracy(layer_1 - estimator_1 - 3_folds.train_0.predict)=90.48%
[ 2019-05-14 20:14:48,399][kfold_wrapper.log_eval_metrics] Accuracy(layer_1 - estimator_1 - 3_folds.train_1.predict)=90.16%
[ 2019-05-14 20:14:48,729][kfold_wrapper.log_eval_metrics] Accuracy(layer_1 - estimator_1 - 3_folds.train_2.predict)=86.89%
[ 2019-05-14 20:14:48,729][kfold_wrapper.log_eval_metrics] Accuracy(layer_1 - estimator_1 - 3_folds.train_cv.predict)=89.19%
[ 2019-05-14 20:14:48,732][cascade_classifier._init_estimators] =====est_name============layer_1 - estimator_2 - 3_folds
[ 2019-05-14 20:14:49,058][kfold_wrapper.log_eval_metrics] Accuracy(layer_1 - estimator_2 - 3_folds.train_0.predict)=87.30%
[ 2019-05-14 20:14:49,386][kfold_wrapper.log_eval_metrics] Accuracy(layer_1 - estimator_2 - 3_folds.train_1.predict)=90.16%
[ 2019-05-14 20:14:49,714][kfold_wrapper.log_eval_metrics] Accuracy(layer_1 - estimator_2 - 3_folds.train_2.predict)=86.89%
[ 2019-05-14 20:14:49,714][kfold_wrapper.log_eval_metrics] Accuracy(layer_1 - estimator_2 - 3_folds.train_cv.predict)=88.11%
[ 2019-05-14 20:14:49,717][cascade_classifier._init_estimators] =====est_name============layer_1 - estimator_3 - 3_folds
[ 2019-05-14 20:14:50,043][kfold_wrapper.log_eval_metrics] Accuracy(layer_1 - estimator_3 - 3_folds.train_0.predict)=92.06%
[ 2019-05-14 20:14:50,371][kfold_wrapper.log_eval_metrics] Accuracy(layer_1 - estimator_3 - 3_folds.train_1.predict)=78.69%
[ 2019-05-14 20:14:50,698][kfold_wrapper.log_eval_metrics] Accuracy(layer_1 - estimator_3 - 3_folds.train_2.predict)=91.80%
[ 2019-05-14 20:14:50,698][kfold_wrapper.log_eval_metrics] Accuracy(layer_1 - estimator_3 - 3_folds.train_cv.predict)=87.57%
[ 2019-05-14 20:14:50,701][cascade_classifier._init_estimators] =====est_name============layer_1 - estimator_4 - 3_folds
[ 2019-05-14 20:14:51,028][kfold_wrapper.log_eval_metrics] Accuracy(layer_1 - estimator_4 - 3_folds.train_0.predict)=92.06%
[ 2019-05-14 20:14:51,357][kfold_wrapper.log_eval_metrics] Accuracy(layer_1 - estimator_4 - 3_folds.train_1.predict)=83.61%
[ 2019-05-14 20:14:51,686][kfold_wrapper.log_eval_metrics] Accuracy(layer_1 - estimator_4 - 3_folds.train_2.predict)=86.89%
[ 2019-05-14 20:14:51,686][kfold_wrapper.log_eval_metrics] Accuracy(layer_1 - estimator_4 - 3_folds.train_cv.predict)=87.57%
[ 2019-05-14 20:14:51,689][cascade_classifier._init_estimators] =====est_name============layer_1 - estimator_5 - 3_folds
[ 2019-05-14 20:14:52,020][kfold_wrapper.log_eval_metrics] Accuracy(layer_1 - estimator_5 - 3_folds.train_0.predict)=84.13%
[ 2019-05-14 20:14:52,348][kfold_wrapper.log_eval_metrics] Accuracy(layer_1 - estimator_5 - 3_folds.train_1.predict)=88.52%
[ 2019-05-14 20:14:52,679][kfold_wrapper.log_eval_metrics] Accuracy(layer_1 - estimator_5 - 3_folds.train_2.predict)=93.44%
[ 2019-05-14 20:14:52,679][kfold_wrapper.log_eval_metrics] Accuracy(layer_1 - estimator_5 - 3_folds.train_cv.predict)=88.65%
[ 2019-05-14 20:14:52,681][cascade_classifier._init_estimators] =====est_name============layer_1 - estimator_6 - 3_folds
[ 2019-05-14 20:14:53,008][kfold_wrapper.log_eval_metrics] Accuracy(layer_1 - estimator_6 - 3_folds.train_0.predict)=84.13%
[ 2019-05-14 20:14:53,336][kfold_wrapper.log_eval_metrics] Accuracy(layer_1 - estimator_6 - 3_folds.train_1.predict)=86.89%
[ 2019-05-14 20:14:53,664][kfold_wrapper.log_eval_metrics] Accuracy(layer_1 - estimator_6 - 3_folds.train_2.predict)=90.16%
[ 2019-05-14 20:14:53,665][kfold_wrapper.log_eval_metrics] Accuracy(layer_1 - estimator_6 - 3_folds.train_cv.predict)=87.03%
[ 2019-05-14 20:14:53,667][cascade_classifier._init_estimators] =====est_name============layer_1 - estimator_7 - 3_folds
[ 2019-05-14 20:14:53,994][kfold_wrapper.log_eval_metrics] Accuracy(layer_1 - estimator_7 - 3_folds.train_0.predict)=90.48%
[ 2019-05-14 20:14:54,322][kfold_wrapper.log_eval_metrics] Accuracy(layer_1 - estimator_7 - 3_folds.train_1.predict)=85.25%
[ 2019-05-14 20:14:54,650][kfold_wrapper.log_eval_metrics] Accuracy(layer_1 - estimator_7 - 3_folds.train_2.predict)=83.61%
[ 2019-05-14 20:14:54,650][kfold_wrapper.log_eval_metrics] Accuracy(layer_1 - estimator_7 - 3_folds.train_cv.predict)=86.49%
[ 2019-05-14 20:14:54,652][cascade_classifier.calc_accuracy] Accuracy(layer_1 - train.classifier_average)=88.11%
[ 2019-05-14 20:14:54,652][cascade_classifier.fit_transform] [Result][Optimal Level Detected] opt_layer_num=1, accuracy_train=88.11%, accuracy_test=0.00%
[ 2019-05-14 20:14:54,654][cascade_classifier.transform] X_groups_test.shape=[(47, 1, 542)]
[ 2019-05-14 20:14:54,654][cascade_classifier.transform] group_dims=[542]
[ 2019-05-14 20:14:54,655][cascade_classifier.transform] X_test.shape=(47, 542)
[ 2019-05-14 20:14:54,655][cascade_classifier.transform] [layer=0] look_indexs=[0], X_cur_test.shape=(47, 542)
